<?xml version="1.0" encoding="UTF-8"?>
<testng-results skipped="0" failed="0" total="1" passed="1">
  <reporter-output>
  </reporter-output>
  <suite name="Default suite" duration-ms="28" started-at="2016-07-18T07:02:54Z" finished-at="2016-07-18T07:02:54Z">
    <groups>
    </groups>
    <test name="Default test" duration-ms="28" started-at="2016-07-18T07:02:54Z" finished-at="2016-07-18T07:02:54Z">
      <class name="com.albion.common.search.bst.BinaryTreeTest">
        <test-method status="PASS" signature="testBinaryTreeProperties()[pri:0, instance:com.albion.common.search.bst.BinaryTreeTest@67117f44]" name="testBinaryTreeProperties" duration-ms="19" started-at="2016-07-18T00:02:54Z" finished-at="2016-07-18T00:02:54Z">
          <reporter-output>
          </reporter-output>
        </test-method> <!-- testBinaryTreeProperties -->
      </class> <!-- com.albion.common.search.bst.BinaryTreeTest -->
    </test> <!-- Default test -->
  </suite> <!-- Default suite -->
</testng-results>
